main1,[(825741369528,0,M,tests2\ex10.go:8)],C,-
main1,[(1,0,S,-)],C,-
main1,[(2,0,S,-)],C,-
main1,[(1,0,?,tests2\ex10.go:22)],P,-
main1,[(1,0,?,tests2\ex10.go:22)],C,fun021
main1,[(1,0,?,tests2\ex10.go:23)],P,-
main1,[(1,0,?,tests2\ex10.go:23)],C,fun123
fun021,[(1,0,W,-)],C,-
fun021,[(825741369504,1,+,tests2\ex10.go:11)],P,-
fun021,[(825741369504,1,+,tests2\ex10.go:11)],C,-
fun021,[(825741369528,0,M,tests2\ex10.go:12)],C,-
fun021,[(825741369504,1,*,tests2\ex10.go:13)],P,-
fun021,[(825741369504,1,*,tests2\ex10.go:13)],C,-
fun021,[(1,0,!,tests2\ex10.go:14)],P,-
fun021,[(1,0,!,tests2\ex10.go:14)],C,-
fun123,[(2,0,W,-)],C,-
fun123,[(825741369504,1,+,tests2\ex10.go:17)],P,-
fun123,[(825741369504,1,+,tests2\ex10.go:17)],C,-
fun123,[(825741369504,1,*,tests2\ex10.go:18)],P,-
fun123,[(825741369504,1,*,tests2\ex10.go:18)],C,-
fun123,[(825741369528,0,M,tests2\ex10.go:19)],C,-
fun123,[(1,0,!,tests2\ex10.go:20)],P,-
fun123,[(1,0,!,tests2\ex10.go:20)],C,-
