Reader07,[(1,0,W,-)],C,-
Reader07,[(825741074632,1,+,tests2\ex4.go:9)],P,-
Reader07,[(825741074632,1,+,tests2\ex4.go:9)],C,-
Reader07,[(5749792,0,R,tests2\ex4.go:10)],C,-
Reader07,[(825741074632,1,*,tests2\ex4.go:11)],P,-
Reader07,[(825741074632,1,*,tests2\ex4.go:11)],C,-
Reader07,[(825741074632,1,+,tests2\ex4.go:9)],P,-
Reader07,[(825741074632,1,+,tests2\ex4.go:9)],C,-
Reader07,[(5749792,0,R,tests2\ex4.go:10)],C,-
Reader07,[(825741074632,1,*,tests2\ex4.go:11)],P,-
Reader07,[(825741074632,1,*,tests2\ex4.go:11)],C,-
Reader07,[(825741074632,1,+,tests2\ex4.go:9)],P,-
Reader07,[(825741074632,1,+,tests2\ex4.go:9)],C,-
Reader07,[(5749792,0,R,tests2\ex4.go:10)],C,-
Reader07,[(825741074632,1,*,tests2\ex4.go:11)],P,-
Reader07,[(825741074632,1,*,tests2\ex4.go:11)],C,-
Reader07,[(825741074632,1,+,tests2\ex4.go:9)],P,-
Reader07,[(825741074632,1,+,tests2\ex4.go:9)],C,-
Reader07,[(5749792,0,R,tests2\ex4.go:10)],C,-
Reader07,[(825741074632,1,*,tests2\ex4.go:11)],P,-
Reader07,[(825741074632,1,*,tests2\ex4.go:11)],C,-
Reader07,[(825741074632,1,+,tests2\ex4.go:9)],P,-
Reader07,[(825741074632,1,+,tests2\ex4.go:9)],C,-
Reader07,[(5749792,0,R,tests2\ex4.go:10)],C,-
Reader07,[(825741074632,1,*,tests2\ex4.go:11)],P,-
Reader07,[(825741074632,1,*,tests2\ex4.go:11)],C,-
Reader07,[(825741074632,1,+,tests2\ex4.go:9)],P,-
Reader07,[(825741074632,1,+,tests2\ex4.go:9)],C,-
Reader07,[(5749792,0,R,tests2\ex4.go:10)],C,-
Reader07,[(825741074632,1,*,tests2\ex4.go:11)],P,-
Reader07,[(825741074632,1,*,tests2\ex4.go:11)],C,-
Reader07,[(825741074632,1,+,tests2\ex4.go:9)],P,-
Reader07,[(825741074632,1,+,tests2\ex4.go:9)],C,-
Reader07,[(5749792,0,R,tests2\ex4.go:10)],C,-
Reader07,[(825741074632,1,*,tests2\ex4.go:11)],P,-
Reader07,[(825741074632,1,*,tests2\ex4.go:11)],C,-
Reader07,[(825741074632,1,+,tests2\ex4.go:9)],P,-
Reader07,[(825741074632,1,+,tests2\ex4.go:9)],C,-
Reader07,[(5749792,0,R,tests2\ex4.go:10)],C,-
Reader07,[(825741074632,1,*,tests2\ex4.go:11)],P,-
Reader07,[(825741074632,1,*,tests2\ex4.go:11)],C,-
Reader07,[(825741074632,1,+,tests2\ex4.go:9)],P,-
Reader07,[(825741074632,1,+,tests2\ex4.go:9)],C,-
Reader07,[(5749792,0,R,tests2\ex4.go:10)],C,-
Reader07,[(825741074632,1,*,tests2\ex4.go:11)],P,-
Reader07,[(825741074632,1,*,tests2\ex4.go:11)],C,-
Reader07,[(825741074632,1,+,tests2\ex4.go:9)],P,-
Reader07,[(825741074632,1,+,tests2\ex4.go:9)],C,-
Reader07,[(5749792,0,R,tests2\ex4.go:10)],C,-
Reader07,[(825741074632,1,*,tests2\ex4.go:11)],P,-
Reader07,[(825741074632,1,*,tests2\ex4.go:11)],C,-
Reader07,[(825741074632,1,+,tests2\ex4.go:9)],P,-
Reader07,[(825741074632,1,+,tests2\ex4.go:9)],C,-
Reader07,[(5749792,0,R,tests2\ex4.go:10)],C,-
Reader07,[(825741074632,1,*,tests2\ex4.go:11)],P,-
Reader07,[(825741074632,1,*,tests2\ex4.go:11)],C,-
Reader07,[(825741074632,1,+,tests2\ex4.go:9)],P,-
Reader07,[(825741074632,1,+,tests2\ex4.go:9)],C,-
Reader07,[(5749792,0,R,tests2\ex4.go:10)],C,-
Reader07,[(825741074632,1,*,tests2\ex4.go:11)],P,-
Reader07,[(825741074632,1,*,tests2\ex4.go:11)],C,-
Reader07,[(825741074632,1,+,tests2\ex4.go:9)],P,-
Reader07,[(825741074632,1,+,tests2\ex4.go:9)],C,-
Reader07,[(5749792,0,R,tests2\ex4.go:10)],C,-
Reader19,[(2,0,W,-)],C,-
Reader19,[(825741074640,1,+,tests2\ex4.go:9)],P,-
Reader19,[(825741074640,1,+,tests2\ex4.go:9)],C,-
Reader19,[(5749792,0,R,tests2\ex4.go:10)],C,-
Reader19,[(825741074640,1,*,tests2\ex4.go:11)],P,-
Reader19,[(825741074640,1,*,tests2\ex4.go:11)],C,-
Reader19,[(825741074640,1,+,tests2\ex4.go:9)],P,-
Reader19,[(825741074640,1,+,tests2\ex4.go:9)],C,-
Reader19,[(5749792,0,R,tests2\ex4.go:10)],C,-
Reader19,[(825741074640,1,*,tests2\ex4.go:11)],P,-
Reader19,[(825741074640,1,*,tests2\ex4.go:11)],C,-
Reader19,[(825741074640,1,+,tests2\ex4.go:9)],P,-
Reader19,[(825741074640,1,+,tests2\ex4.go:9)],C,-
Reader19,[(5749792,0,R,tests2\ex4.go:10)],C,-
Reader19,[(825741074640,1,*,tests2\ex4.go:11)],P,-
Reader19,[(825741074640,1,*,tests2\ex4.go:11)],C,-
Reader19,[(825741074640,1,+,tests2\ex4.go:9)],P,-
Reader19,[(825741074640,1,+,tests2\ex4.go:9)],C,-
Reader19,[(5749792,0,R,tests2\ex4.go:10)],C,-
Reader19,[(825741074640,1,*,tests2\ex4.go:11)],P,-
Reader19,[(825741074640,1,*,tests2\ex4.go:11)],C,-
Reader19,[(825741074640,1,+,tests2\ex4.go:9)],P,-
Reader19,[(825741074640,1,+,tests2\ex4.go:9)],C,-
Reader19,[(5749792,0,R,tests2\ex4.go:10)],C,-
Reader19,[(825741074640,1,*,tests2\ex4.go:11)],P,-
Reader19,[(825741074640,1,*,tests2\ex4.go:11)],C,-
Reader19,[(825741074640,1,+,tests2\ex4.go:9)],P,-
Reader19,[(825741074640,1,+,tests2\ex4.go:9)],C,-
Reader19,[(5749792,0,R,tests2\ex4.go:10)],C,-
Reader19,[(825741074640,1,*,tests2\ex4.go:11)],P,-
Reader19,[(825741074640,1,*,tests2\ex4.go:11)],C,-
Reader19,[(825741074640,1,+,tests2\ex4.go:9)],P,-
Reader19,[(825741074640,1,+,tests2\ex4.go:9)],C,-
Reader19,[(5749792,0,R,tests2\ex4.go:10)],C,-
Reader19,[(825741074640,1,*,tests2\ex4.go:11)],P,-
Reader19,[(825741074640,1,*,tests2\ex4.go:11)],C,-
Reader19,[(825741074640,1,+,tests2\ex4.go:9)],P,-
Reader19,[(825741074640,1,+,tests2\ex4.go:9)],C,-
Reader19,[(5749792,0,R,tests2\ex4.go:10)],C,-
Reader19,[(825741074640,1,*,tests2\ex4.go:11)],P,-
Reader19,[(825741074640,1,*,tests2\ex4.go:11)],C,-
Reader19,[(825741074640,1,+,tests2\ex4.go:9)],P,-
Reader19,[(825741074640,1,+,tests2\ex4.go:9)],C,-
Reader19,[(5749792,0,R,tests2\ex4.go:10)],C,-
Reader19,[(825741074640,1,*,tests2\ex4.go:11)],P,-
Reader19,[(825741074640,1,*,tests2\ex4.go:11)],C,-
Reader19,[(825741074640,1,+,tests2\ex4.go:9)],P,-
Reader19,[(825741074640,1,+,tests2\ex4.go:9)],C,-
Reader19,[(5749792,0,R,tests2\ex4.go:10)],C,-
Reader19,[(825741074640,1,*,tests2\ex4.go:11)],P,-
Reader19,[(825741074640,1,*,tests2\ex4.go:11)],C,-
Reader19,[(825741074640,1,+,tests2\ex4.go:9)],P,-
Reader19,[(825741074640,1,+,tests2\ex4.go:9)],C,-
Reader19,[(5749792,0,R,tests2\ex4.go:10)],C,-
Reader19,[(825741074640,1,*,tests2\ex4.go:11)],P,-
Reader19,[(825741074640,1,*,tests2\ex4.go:11)],C,-
Reader19,[(825741074640,1,+,tests2\ex4.go:9)],P,-
Reader19,[(825741074640,1,+,tests2\ex4.go:9)],C,-
Reader19,[(5749792,0,R,tests2\ex4.go:10)],C,-
Reader19,[(825741074640,1,*,tests2\ex4.go:11)],P,-
Reader19,[(825741074640,1,*,tests2\ex4.go:11)],C,-
Reader19,[(825741074640,1,+,tests2\ex4.go:9)],P,-
Reader19,[(825741074640,1,+,tests2\ex4.go:9)],C,-
Reader19,[(5749792,0,R,tests2\ex4.go:10)],C,-
Reader19,[(825741074640,1,*,tests2\ex4.go:11)],P,-
Reader19,[(825741074640,1,*,tests2\ex4.go:11)],C,-
Reader19,[(825741074640,1,+,tests2\ex4.go:9)],P,-
Reader19,[(825741074640,1,+,tests2\ex4.go:9)],C,-
Reader19,[(5749792,0,R,tests2\ex4.go:10)],C,-
Reader19,[(825741074640,1,*,tests2\ex4.go:11)],P,-
Reader19,[(825741074640,1,*,tests2\ex4.go:11)],C,-
Reader19,[(825741074640,1,+,tests2\ex4.go:9)],P,-
Reader19,[(825741074640,1,+,tests2\ex4.go:9)],C,-
Reader19,[(5749792,0,R,tests2\ex4.go:10)],C,-
Reader19,[(825741074640,1,*,tests2\ex4.go:11)],P,-
Reader19,[(825741074640,1,*,tests2\ex4.go:11)],C,-
Reader19,[(825741074640,1,+,tests2\ex4.go:9)],P,-
Reader19,[(825741074640,1,+,tests2\ex4.go:9)],C,-
Reader19,[(5749792,0,R,tests2\ex4.go:10)],C,-
Reader19,[(825741074640,1,*,tests2\ex4.go:11)],P,-
Reader19,[(825741074640,1,*,tests2\ex4.go:11)],C,-
Reader19,[(825741074640,1,+,tests2\ex4.go:9)],P,-
Reader19,[(825741074640,1,+,tests2\ex4.go:9)],C,-
Reader19,[(5749792,0,R,tests2\ex4.go:10)],C,-
Reader19,[(825741074640,1,*,tests2\ex4.go:11)],P,-
Reader19,[(825741074640,1,*,tests2\ex4.go:11)],C,-
Reader19,[(825741074640,1,+,tests2\ex4.go:9)],P,-
Reader19,[(825741074640,1,+,tests2\ex4.go:9)],C,-
Reader19,[(5749792,0,R,tests2\ex4.go:10)],C,-
Reader19,[(825741074640,1,*,tests2\ex4.go:11)],P,-
Reader19,[(825741074640,1,*,tests2\ex4.go:11)],C,-
Reader19,[(825741074640,1,+,tests2\ex4.go:9)],P,-
Reader19,[(825741074640,1,+,tests2\ex4.go:9)],C,-
Reader19,[(5749792,0,R,tests2\ex4.go:10)],C,-
Reader19,[(825741074640,1,*,tests2\ex4.go:11)],P,-
Reader19,[(825741074640,1,*,tests2\ex4.go:11)],C,-
Reader19,[(825741074640,1,+,tests2\ex4.go:9)],P,-
Reader19,[(825741074640,1,+,tests2\ex4.go:9)],C,-
Reader19,[(5749792,0,R,tests2\ex4.go:10)],C,-
Reader19,[(825741074640,1,*,tests2\ex4.go:11)],P,-
Reader19,[(825741074640,1,*,tests2\ex4.go:11)],C,-
Reader19,[(825741074640,1,+,tests2\ex4.go:9)],P,-
Reader19,[(825741074640,1,+,tests2\ex4.go:9)],C,-
Reader19,[(5749792,0,R,tests2\ex4.go:10)],C,-
Reader19,[(825741074640,1,*,tests2\ex4.go:11)],P,-
Reader19,[(825741074640,1,*,tests2\ex4.go:11)],C,-
Reader19,[(825741074640,1,+,tests2\ex4.go:9)],P,-
Reader19,[(825741074640,1,+,tests2\ex4.go:9)],C,-
Reader19,[(5749792,0,R,tests2\ex4.go:10)],C,-
Reader19,[(825741074640,1,*,tests2\ex4.go:11)],P,-
Reader19,[(825741074640,1,*,tests2\ex4.go:11)],C,-
Reader19,[(825741074640,1,+,tests2\ex4.go:9)],P,-
Reader19,[(825741074640,1,+,tests2\ex4.go:9)],C,-
Reader19,[(5749792,0,R,tests2\ex4.go:10)],C,-
Reader19,[(825741074640,1,*,tests2\ex4.go:11)],P,-
Reader19,[(825741074640,1,*,tests2\ex4.go:11)],C,-
Reader19,[(825741074640,1,+,tests2\ex4.go:9)],P,-
Reader19,[(825741074640,1,+,tests2\ex4.go:9)],C,-
Reader19,[(5749792,0,R,tests2\ex4.go:10)],C,-
Reader19,[(825741074640,1,*,tests2\ex4.go:11)],P,-
Reader19,[(825741074640,1,*,tests2\ex4.go:11)],C,-
Reader19,[(825741074640,1,+,tests2\ex4.go:9)],P,-
Reader19,[(825741074640,1,+,tests2\ex4.go:9)],C,-
Reader19,[(5749792,0,R,tests2\ex4.go:10)],C,-
Reader19,[(825741074640,1,*,tests2\ex4.go:11)],P,-
Reader19,[(825741074640,1,*,tests2\ex4.go:11)],C,-
Reader19,[(825741074640,1,+,tests2\ex4.go:9)],P,-
Reader19,[(825741074640,1,+,tests2\ex4.go:9)],C,-
Reader19,[(5749792,0,R,tests2\ex4.go:10)],C,-
Reader19,[(825741074640,1,*,tests2\ex4.go:11)],P,-
Reader19,[(825741074640,1,*,tests2\ex4.go:11)],C,-
Reader19,[(825741074640,1,+,tests2\ex4.go:9)],P,-
Reader19,[(825741074640,1,+,tests2\ex4.go:9)],C,-
Reader19,[(5749792,0,R,tests2\ex4.go:10)],C,-
main1,[(1,0,S,-)],C,-
main1,[(2,0,S,-)],C,-
main1,[(825741074632,1,+,tests2\ex4.go:20)],P,-
main1,[(825741074632,1,+,tests2\ex4.go:20)],C,-
main1,[(825741074640,1,+,tests2\ex4.go:21)],P,-
main1,[(825741074640,1,+,tests2\ex4.go:21)],C,-
main1,[(5749792,0,M,tests2\ex4.go:22)],C,-
main1,[(825741074640,1,*,tests2\ex4.go:23)],P,-
main1,[(825741074640,1,*,tests2\ex4.go:23)],C,-
main1,[(825741074632,1,*,tests2\ex4.go:24)],P,-
main1,[(825741074632,1,*,tests2\ex4.go:24)],C,-
main1,[(825741074632,1,+,tests2\ex4.go:20)],P,-
main1,[(825741074632,1,+,tests2\ex4.go:20)],C,-
main1,[(825741074640,1,+,tests2\ex4.go:21)],P,-
main1,[(825741074640,1,+,tests2\ex4.go:21)],C,-
main1,[(5749792,0,M,tests2\ex4.go:22)],C,-
main1,[(825741074640,1,*,tests2\ex4.go:23)],P,-
main1,[(825741074640,1,*,tests2\ex4.go:23)],C,-
main1,[(825741074632,1,*,tests2\ex4.go:24)],P,-
main1,[(825741074632,1,*,tests2\ex4.go:24)],C,-
main1,[(825741074632,1,+,tests2\ex4.go:20)],P,-
main1,[(825741074632,1,+,tests2\ex4.go:20)],C,-
main1,[(825741074640,1,+,tests2\ex4.go:21)],P,-
main1,[(825741074640,1,+,tests2\ex4.go:21)],C,-
main1,[(5749792,0,M,tests2\ex4.go:22)],C,-
main1,[(825741074640,1,*,tests2\ex4.go:23)],P,-
main1,[(825741074640,1,*,tests2\ex4.go:23)],C,-
main1,[(825741074632,1,*,tests2\ex4.go:24)],P,-
main1,[(825741074632,1,*,tests2\ex4.go:24)],C,-
main1,[(825741074632,1,+,tests2\ex4.go:20)],P,-
main1,[(825741074632,1,+,tests2\ex4.go:20)],C,-
main1,[(825741074640,1,+,tests2\ex4.go:21)],P,-
main1,[(825741074640,1,+,tests2\ex4.go:21)],C,-
main1,[(5749792,0,M,tests2\ex4.go:22)],C,-
main1,[(825741074640,1,*,tests2\ex4.go:23)],P,-
main1,[(825741074640,1,*,tests2\ex4.go:23)],C,-
main1,[(825741074632,1,*,tests2\ex4.go:24)],P,-
main1,[(825741074632,1,*,tests2\ex4.go:24)],C,-
main1,[(825741074632,1,+,tests2\ex4.go:20)],P,-
main1,[(825741074632,1,+,tests2\ex4.go:20)],C,-
main1,[(825741074640,1,+,tests2\ex4.go:21)],P,-
main1,[(825741074640,1,+,tests2\ex4.go:21)],C,-
main1,[(5749792,0,M,tests2\ex4.go:22)],C,-
main1,[(825741074640,1,*,tests2\ex4.go:23)],P,-
main1,[(825741074640,1,*,tests2\ex4.go:23)],C,-
main1,[(825741074632,1,*,tests2\ex4.go:24)],P,-
main1,[(825741074632,1,*,tests2\ex4.go:24)],C,-
main1,[(825741074632,1,+,tests2\ex4.go:20)],P,-
main1,[(825741074632,1,+,tests2\ex4.go:20)],C,-
main1,[(825741074640,1,+,tests2\ex4.go:21)],P,-
main1,[(825741074640,1,+,tests2\ex4.go:21)],C,-
main1,[(5749792,0,M,tests2\ex4.go:22)],C,-
main1,[(825741074640,1,*,tests2\ex4.go:23)],P,-
main1,[(825741074640,1,*,tests2\ex4.go:23)],C,-
main1,[(825741074632,1,*,tests2\ex4.go:24)],P,-
main1,[(825741074632,1,*,tests2\ex4.go:24)],C,-
main1,[(825741074632,1,+,tests2\ex4.go:20)],P,-
main1,[(825741074632,1,+,tests2\ex4.go:20)],C,-
main1,[(825741074640,1,+,tests2\ex4.go:21)],P,-
main1,[(825741074640,1,+,tests2\ex4.go:21)],C,-
main1,[(5749792,0,M,tests2\ex4.go:22)],C,-
main1,[(825741074640,1,*,tests2\ex4.go:23)],P,-
main1,[(825741074640,1,*,tests2\ex4.go:23)],C,-
main1,[(825741074632,1,*,tests2\ex4.go:24)],P,-
main1,[(825741074632,1,*,tests2\ex4.go:24)],C,-
main1,[(825741074632,1,+,tests2\ex4.go:20)],P,-
main1,[(825741074632,1,+,tests2\ex4.go:20)],C,-
main1,[(825741074640,1,+,tests2\ex4.go:21)],P,-
main1,[(825741074640,1,+,tests2\ex4.go:21)],C,-
main1,[(5749792,0,M,tests2\ex4.go:22)],C,-
main1,[(825741074640,1,*,tests2\ex4.go:23)],P,-
main1,[(825741074640,1,*,tests2\ex4.go:23)],C,-
main1,[(825741074632,1,*,tests2\ex4.go:24)],P,-
main1,[(825741074632,1,*,tests2\ex4.go:24)],C,-
main1,[(825741074632,1,+,tests2\ex4.go:20)],P,-
main1,[(825741074632,1,+,tests2\ex4.go:20)],C,-
main1,[(825741074640,1,+,tests2\ex4.go:21)],P,-
main1,[(825741074640,1,+,tests2\ex4.go:21)],C,-
main1,[(5749792,0,M,tests2\ex4.go:22)],C,-
main1,[(825741074640,1,*,tests2\ex4.go:23)],P,-
main1,[(825741074640,1,*,tests2\ex4.go:23)],C,-
main1,[(825741074632,1,*,tests2\ex4.go:24)],P,-
main1,[(825741074632,1,*,tests2\ex4.go:24)],C,-
main1,[(825741074632,1,+,tests2\ex4.go:20)],P,-
main1,[(825741074632,1,+,tests2\ex4.go:20)],C,-
main1,[(825741074640,1,+,tests2\ex4.go:21)],P,-
main1,[(825741074640,1,+,tests2\ex4.go:21)],C,-
main1,[(5749792,0,M,tests2\ex4.go:22)],C,-
main1,[(825741074640,1,*,tests2\ex4.go:23)],P,-
main1,[(825741074640,1,*,tests2\ex4.go:23)],C,-
main1,[(825741074632,1,*,tests2\ex4.go:24)],P,-
main1,[(825741074632,1,*,tests2\ex4.go:24)],C,-
