main1,[(1,0,S,-)],C,-
main1,[(2,0,S,-)],C,-
main1,[(1,0,?,tests2\ex9.go:22)],P,-
main1,[(1,0,?,tests2\ex9.go:22)],C,fun08
main1,[(1,0,?,tests2\ex9.go:23)],P,-
main1,[(1,0,?,tests2\ex9.go:23)],C,fun110
fun08,[(1,0,W,-)],C,-
fun08,[(825741074632,1,+,tests2\ex9.go:11)],P,-
fun08,[(825741074632,1,+,tests2\ex9.go:11)],C,-
fun08,[(825741074656,0,M,tests2\ex9.go:12)],C,-
fun08,[(825741074632,1,*,tests2\ex9.go:13)],P,-
fun08,[(825741074632,1,*,tests2\ex9.go:13)],C,-
fun08,[(1,0,!,tests2\ex9.go:14)],P,-
fun08,[(1,0,!,tests2\ex9.go:14)],C,-
fun110,[(2,0,W,-)],C,-
fun110,[(825741074632,1,+,tests2\ex9.go:17)],P,-
fun110,[(825741074632,1,+,tests2\ex9.go:17)],C,-
fun110,[(825741074656,0,M,tests2\ex9.go:18)],C,-
fun110,[(825741074632,1,*,tests2\ex9.go:19)],P,-
fun110,[(825741074632,1,*,tests2\ex9.go:19)],C,-
fun110,[(1,0,!,tests2\ex9.go:20)],P,-
fun110,[(1,0,!,tests2\ex9.go:20)],C,-
